# JRE version: OpenJDK Runtime Environment (8.0_212) (build 1.8.0_212-release-1586-b4-5784211)
# Java VM: OpenJDK 64-Bit Server VM (25.212-b4-5784211 mixed mode bsd-amd64 compressed oops)
Heap:
 PSYoungGen      total 208896K, used 202117K [0x00000007a0000000, 0x00000007afe80000, 0x00000007c0000000)
  eden space 187392K, 100% used [0x00000007a0000000,0x00000007ab700000,0x00000007ab700000)
  from space 21504K, 68% used [0x00000007ab700000,0x00000007ac5617a0,0x00000007acc00000)
  to   space 21504K, 61% used [0x00000007ae980000,0x00000007af681aa0,0x00000007afe80000)
 ParOldGen       total 268800K, used 36036K [0x0000000760000000, 0x0000000770680000, 0x00000007a0000000)
  object space 268800K, 13% used [0x0000000760000000,0x0000000762331248,0x0000000770680000)
 Metaspace       used 79518K, capacity 83760K, committed 84120K, reserved 1122304K
  class space    used 11074K, capacity 11860K, committed 11928K, reserved 1048576K
GC Heap History (10 events):
Event: 5.706 GC heap after
Heap after GC invocations=8 (full 2):
 PSYoungGen      total 152064K, used 0K [0x00000007a0000000, 0x00000007ad980000, 0x00000007c0000000)
  eden space 138240K, 0% used [0x00000007a0000000,0x00000007a0000000,0x00000007a8700000)
  from space 13824K, 0% used [0x00000007a9400000,0x00000007a9400000,0x00000007aa180000)
  to   space 13312K, 0% used [0x00000007a8700000,0x00000007a8700000,0x00000007a9400000)
 ParOldGen       total 177664K, used 15666K [0x0000000760000000, 0x000000076ad80000, 0x00000007a0000000)
  object space 177664K, 8% used [0x0000000760000000,0x0000000760f4c850,0x000000076ad80000)
 Metaspace       used 34617K, capacity 35418K, committed 35496K, reserved 1079296K
  class space    used 4774K, capacity 5010K, committed 5032K, reserved 1048576K
}
Event: 7.820 GC heap before
{Heap before GC invocations=9 (full 2):
 PSYoungGen      total 152064K, used 138240K [0x00000007a0000000, 0x00000007ad980000, 0x00000007c0000000)
  eden space 138240K, 100% used [0x00000007a0000000,0x00000007a8700000,0x00000007a8700000)
  from space 13824K, 0% used [0x00000007a9400000,0x00000007a9400000,0x00000007aa180000)
  to   space 13312K, 0% used [0x00000007a8700000,0x00000007a8700000,0x00000007a9400000)
 ParOldGen       total 177664K, used 15666K [0x0000000760000000, 0x000000076ad80000, 0x00000007a0000000)
  object space 177664K, 8% used [0x0000000760000000,0x0000000760f4c850,0x000000076ad80000)
 Metaspace       used 48008K, capacity 49308K, committed 49576K, reserved 1091584K
  class space    used 6449K, capacity 6793K, committed 6824K, reserved 1048576K
Event: 7.843 GC heap after
Heap after GC invocations=9 (full 2):
 PSYoungGen      total 151552K, used 13299K [0x00000007a0000000, 0x00000007adc80000, 0x00000007c0000000)
  eden space 138240K, 0% used [0x00000007a0000000,0x00000007a0000000,0x00000007a8700000)
  from space 13312K, 99% used [0x00000007a8700000,0x00000007a93fcf80,0x00000007a9400000)
  to   space 16896K, 0% used [0x00000007acc00000,0x00000007acc00000,0x00000007adc80000)
 ParOldGen       total 177664K, used 19697K [0x0000000760000000, 0x000000076ad80000, 0x00000007a0000000)
  object space 177664K, 11% used [0x0000000760000000,0x000000076133c778,0x000000076ad80000)
 Metaspace       used 48008K, capacity 49308K, committed 49576K, reserved 1091584K
  class space    used 6449K, capacity 6793K, committed 6824K, reserved 1048576K
}
Event: 9.529 GC heap before
{Heap before GC invocations=10 (full 2):
 PSYoungGen      total 151552K, used 133657K [0x00000007a0000000, 0x00000007adc80000, 0x00000007c0000000)
  eden space 138240K, 87% used [0x00000007a0000000,0x00000007a7589568,0x00000007a8700000)
  from space 13312K, 99% used [0x00000007a8700000,0x00000007a93fcf80,0x00000007a9400000)
  to   space 16896K, 0% used [0x00000007acc00000,0x00000007acc00000,0x00000007adc80000)
 ParOldGen       total 177664K, used 19697K [0x0000000760000000, 0x000000076ad80000, 0x00000007a0000000)
  object space 177664K, 11% used [0x0000000760000000,0x000000076133c778,0x000000076ad80000)
 Metaspace       used 56962K, capacity 59080K, committed 59160K, reserved 1099776K
  class space    used 7909K, capacity 8392K, committed 8472K, reserved 1048576K
Event: 9.552 GC heap after
Heap after GC invocations=10 (full 2):
 PSYoungGen      total 204288K, used 16866K [0x00000007a0000000, 0x00000007ae580000, 0x00000007c0000000)
  eden space 187392K, 0% used [0x00000007a0000000,0x00000007a0000000,0x00000007ab700000)
  from space 16896K, 99% used [0x00000007acc00000,0x00000007adc78a00,0x00000007adc80000)
  to   space 21504K, 0% used [0x00000007ab700000,0x00000007ab700000,0x00000007acc00000)
 ParOldGen       total 177664K, used 24994K [0x0000000760000000, 0x000000076ad80000, 0x00000007a0000000)
  object space 177664K, 14% used [0x0000000760000000,0x00000007618689a8,0x000000076ad80000)
 Metaspace       used 56962K, capacity 59080K, committed 59160K, reserved 1099776K
  class space    used 7909K, capacity 8392K, committed 8472K, reserved 1048576K
}
Event: 9.552 GC heap before
{Heap before GC invocations=11 (full 3):
 PSYoungGen      total 204288K, used 16866K [0x00000007a0000000, 0x00000007ae580000, 0x00000007c0000000)
  eden space 187392K, 0% used [0x00000007a0000000,0x00000007a0000000,0x00000007ab700000)
  from space 16896K, 99% used [0x00000007acc00000,0x00000007adc78a00,0x00000007adc80000)
  to   space 21504K, 0% used [0x00000007ab700000,0x00000007ab700000,0x00000007acc00000)
 ParOldGen       total 177664K, used 24994K [0x0000000760000000, 0x000000076ad80000, 0x00000007a0000000)
  object space 177664K, 14% used [0x0000000760000000,0x00000007618689a8,0x000000076ad80000)
 Metaspace       used 56962K, capacity 59080K, committed 59160K, reserved 1099776K
  class space    used 7909K, capacity 8392K, committed 8472K, reserved 1048576K
Event: 9.751 GC heap after
Heap after GC invocations=11 (full 3):
 PSYoungGen      total 204288K, used 0K [0x00000007a0000000, 0x00000007ae580000, 0x00000007c0000000)
  eden space 187392K, 0% used [0x00000007a0000000,0x00000007a0000000,0x00000007ab700000)
  from space 16896K, 0% used [0x00000007acc00000,0x00000007acc00000,0x00000007adc80000)
  to   space 21504K, 0% used [0x00000007ab700000,0x00000007ab700000,0x00000007acc00000)
 ParOldGen       total 268800K, used 36012K [0x0000000760000000, 0x0000000770680000, 0x00000007a0000000)
  object space 268800K, 13% used [0x0000000760000000,0x000000076232b248,0x0000000770680000)
 Metaspace       used 56831K, capacity 58746K, committed 59160K, reserved 1099776K
  class space    used 7868K, capacity 8319K, committed 8472K, reserved 1048576K
}
Event: 12.664 GC heap before
{Heap before GC invocations=12 (full 3):
 PSYoungGen      total 204288K, used 187392K [0x00000007a0000000, 0x00000007ae580000, 0x00000007c0000000)
  eden space 187392K, 100% used [0x00000007a0000000,0x00000007ab700000,0x00000007ab700000)
  from space 16896K, 0% used [0x00000007acc00000,0x00000007acc00000,0x00000007adc80000)
  to   space 21504K, 0% used [0x00000007ab700000,0x00000007ab700000,0x00000007acc00000)
 ParOldGen       total 268800K, used 36012K [0x0000000760000000, 0x0000000770680000, 0x00000007a0000000)
  object space 268800K, 13% used [0x0000000760000000,0x000000076232b248,0x0000000770680000)
 Metaspace       used 63404K, capacity 66028K, committed 66200K, reserved 1105920K
  class space    used 8754K, capacity 9316K, committed 9368K, reserved 1048576K
Event: 12.677 GC heap after
Heap after GC invocations=12 (full 3):
 PSYoungGen      total 208896K, used 14725K [0x00000007a0000000, 0x00000007afe80000, 0x00000007c0000000)
  eden space 187392K, 0% used [0x00000007a0000000,0x00000007a0000000,0x00000007ab700000)
  from space 21504K, 68% used [0x00000007ab700000,0x00000007ac5617a0,0x00000007acc00000)
  to   space 21504K, 0% used [0x00000007ae980000,0x00000007ae980000,0x00000007afe80000)
 ParOldGen       total 268800K, used 36020K [0x0000000760000000, 0x0000000770680000, 0x00000007a0000000)
  object space 268800K, 13% used [0x0000000760000000,0x000000076232d248,0x0000000770680000)
 Metaspace       used 63404K, capacity 66028K, committed 66200K, reserved 1105920K
  class space    used 8754K, capacity 9316K, committed 9368K, reserved 1048576K
}
Event: 15.422 GC heap before
{Heap before GC invocations=13 (full 3):
 PSYoungGen      total 208896K, used 202117K [0x00000007a0000000, 0x00000007afe80000, 0x00000007c0000000)
  eden space 187392K, 100% used [0x00000007a0000000,0x00000007ab700000,0x00000007ab700000)
  from space 21504K, 68% used [0x00000007ab700000,0x00000007ac5617a0,0x00000007acc00000)
  to   space 21504K, 0% used [0x00000007ae980000,0x00000007ae980000,0x00000007afe80000)
 ParOldGen       total 268800K, used 36020K [0x0000000760000000, 0x0000000770680000, 0x00000007a0000000)
  object space 268800K, 13% used [0x0000000760000000,0x000000076232d248,0x0000000770680000)
 Metaspace       used 79518K, capacity 83760K, committed 84120K, reserved 1122304K
  class space    used 11074K, capacity 11860K, committed 11928K, reserved 1048576K

